<?xml version="1.0" encoding="UTF-8"?>
<!-- Generated by org.testng.reporters.JUnitReportReporter -->
<testsuite hostname="LAPTOP-ECN3NRD8" name="org.testng.SampleClass" tests="1" failures="0" timestamp="11 Aug 2022 12:22:27 GMT" time="11.034" errors="0">
  <testcase name="param1" time="11.034" classname="org.testng.SampleClass"/>
</testsuite> <!-- org.testng.SampleClass -->
