<?xml version="1.0" encoding="UTF-8"?>
<!-- Generated by org.testng.reporters.JUnitReportReporter -->
<testsuite hostname="LAPTOP-ECN3NRD8" name="org.testng.TestngClass" tests="1" failures="0" timestamp="12 Aug 2022 05:45:29 GMT" time="27.699" errors="0">
  <testcase name="param1" time="27.699" classname="org.testng.TestngClass"/>
</testsuite> <!-- org.testng.TestngClass -->
